# JRE version: OpenJDK Runtime Environment (8.0_462-b08) (build 1.8.0_462-b08)
# Java VM: OpenJDK 64-Bit Server VM (25.462-b08 mixed mode windows-amd64 compressed oops)
Heap:
 PSYoungGen      total 132096K, used 4492K [0x000000076c800000, 0x0000000775800000, 0x00000007c0000000)
  eden space 121344K, 3% used [0x000000076c800000,0x000000076cc630d8,0x0000000773e80000)
  from space 10752K, 0% used [0x0000000774300000,0x0000000774300000,0x0000000774d80000)
  to   space 7680K, 0% used [0x0000000775080000,0x0000000775080000,0x0000000775800000)
 ParOldGen       total 77312K, used 18578K [0x00000006c5800000, 0x00000006ca380000, 0x000000076c800000)
  object space 77312K, 24% used [0x00000006c5800000,0x00000006c6a24828,0x00000006ca380000)
 Metaspace       used 32999K, capacity 35342K, committed 35544K, reserved 1079296K
  class space    used 4308K, capacity 4751K, committed 4864K, reserved 1048576K
GC Heap History (10 events):
Event: 3.701 GC heap before
{Heap before GC invocations=3 (full 0):
 PSYoungGen      total 75264K, used 11392K [0x000000076c800000, 0x0000000775b00000, 0x00000007c0000000)
  eden space 64512K, 1% used [0x000000076c800000,0x000000076c8a5068,0x0000000770700000)
  from space 10752K, 99% used [0x0000000771180000,0x0000000771bfafe0,0x0000000771c00000)
  to   space 10752K, 0% used [0x0000000770700000,0x0000000770700000,0x0000000771180000)
 ParOldGen       total 172032K, used 861K [0x00000006c5800000, 0x00000006d0000000, 0x000000076c800000)
  object space 172032K, 0% used [0x00000006c5800000,0x00000006c58d7650,0x00000006d0000000)
 Metaspace       used 20255K, capacity 21088K, committed 21248K, reserved 1067008K
  class space    used 2492K, capacity 2694K, committed 2816K, reserved 1048576K
Event: 3.711 GC heap after
Heap after GC invocations=3 (full 0):
 PSYoungGen      total 75264K, used 5804K [0x000000076c800000, 0x0000000775b00000, 0x00000007c0000000)
  eden space 64512K, 0% used [0x000000076c800000,0x000000076c800000,0x0000000770700000)
  from space 10752K, 53% used [0x0000000770700000,0x0000000770cab2c8,0x0000000771180000)
  to   space 10752K, 0% used [0x0000000775080000,0x0000000775080000,0x0000000775b00000)
 ParOldGen       total 172032K, used 869K [0x00000006c5800000, 0x00000006d0000000, 0x000000076c800000)
  object space 172032K, 0% used [0x00000006c5800000,0x00000006c58d9650,0x00000006d0000000)
 Metaspace       used 20255K, capacity 21088K, committed 21248K, reserved 1067008K
  class space    used 2492K, capacity 2694K, committed 2816K, reserved 1048576K
}
Event: 3.711 GC heap before
{Heap before GC invocations=4 (full 1):
 PSYoungGen      total 75264K, used 5804K [0x000000076c800000, 0x0000000775b00000, 0x00000007c0000000)
  eden space 64512K, 0% used [0x000000076c800000,0x000000076c800000,0x0000000770700000)
  from space 10752K, 53% used [0x0000000770700000,0x0000000770cab2c8,0x0000000771180000)
  to   space 10752K, 0% used [0x0000000775080000,0x0000000775080000,0x0000000775b00000)
 ParOldGen       total 172032K, used 869K [0x00000006c5800000, 0x00000006d0000000, 0x000000076c800000)
  object space 172032K, 0% used [0x00000006c5800000,0x00000006c58d9650,0x00000006d0000000)
 Metaspace       used 20255K, capacity 21088K, committed 21248K, reserved 1067008K
  class space    used 2492K, capacity 2694K, committed 2816K, reserved 1048576K
Event: 3.764 GC heap after
Heap after GC invocations=4 (full 1):
 PSYoungGen      total 75264K, used 0K [0x000000076c800000, 0x0000000775b00000, 0x00000007c0000000)
  eden space 64512K, 0% used [0x000000076c800000,0x000000076c800000,0x0000000770700000)
  from space 10752K, 0% used [0x0000000770700000,0x0000000770700000,0x0000000771180000)
  to   space 10752K, 0% used [0x0000000775080000,0x0000000775080000,0x0000000775b00000)
 ParOldGen       total 77312K, used 5604K [0x00000006c5800000, 0x00000006ca380000, 0x000000076c800000)
  object space 77312K, 7% used [0x00000006c5800000,0x00000006c5d79048,0x00000006ca380000)
 Metaspace       used 20255K, capacity 21088K, committed 21248K, reserved 1067008K
  class space    used 2492K, capacity 2694K, committed 2816K, reserved 1048576K
}
Event: 5.664 GC heap before
{Heap before GC invocations=5 (full 1):
 PSYoungGen      total 75264K, used 64512K [0x000000076c800000, 0x0000000775b00000, 0x00000007c0000000)
  eden space 64512K, 100% used [0x000000076c800000,0x0000000770700000,0x0000000770700000)
  from space 10752K, 0% used [0x0000000770700000,0x0000000770700000,0x0000000771180000)
  to   space 10752K, 0% used [0x0000000775080000,0x0000000775080000,0x0000000775b00000)
 ParOldGen       total 77312K, used 5604K [0x00000006c5800000, 0x00000006ca380000, 0x000000076c800000)
  object space 77312K, 7% used [0x00000006c5800000,0x00000006c5d79048,0x00000006ca380000)
 Metaspace       used 23395K, capacity 24564K, committed 24704K, reserved 1071104K
  class space    used 2908K, capacity 3148K, committed 3200K, reserved 1048576K
Event: 5.681 GC heap after
Heap after GC invocations=5 (full 1):
 PSYoungGen      total 129024K, used 7528K [0x000000076c800000, 0x0000000775800000, 0x00000007c0000000)
  eden space 121344K, 0% used [0x000000076c800000,0x000000076c800000,0x0000000773e80000)
  from space 7680K, 98% used [0x0000000775080000,0x00000007757da1f0,0x0000000775800000)
  to   space 10752K, 0% used [0x0000000774300000,0x0000000774300000,0x0000000774d80000)
 ParOldGen       total 77312K, used 5612K [0x00000006c5800000, 0x00000006ca380000, 0x000000076c800000)
  object space 77312K, 7% used [0x00000006c5800000,0x00000006c5d7b048,0x00000006ca380000)
 Metaspace       used 23395K, capacity 24564K, committed 24704K, reserved 1071104K
  class space    used 2908K, capacity 3148K, committed 3200K, reserved 1048576K
}
Event: 11.206 GC heap before
{Heap before GC invocations=6 (full 1):
 PSYoungGen      total 129024K, used 115641K [0x000000076c800000, 0x0000000775800000, 0x00000007c0000000)
  eden space 121344K, 89% used [0x000000076c800000,0x0000000773194408,0x0000000773e80000)
  from space 7680K, 98% used [0x0000000775080000,0x00000007757da1f0,0x0000000775800000)
  to   space 10752K, 0% used [0x0000000774300000,0x0000000774300000,0x0000000774d80000)
 ParOldGen       total 77312K, used 5612K [0x00000006c5800000, 0x00000006ca380000, 0x000000076c800000)
  object space 77312K, 7% used [0x00000006c5800000,0x00000006c5d7b048,0x00000006ca380000)
 Metaspace       used 32985K, capacity 35302K, committed 35416K, reserved 1079296K
  class space    used 4302K, capacity 4715K, committed 4736K, reserved 1048576K
Event: 13.252 GC heap after
Heap after GC invocations=6 (full 1):
 PSYoungGen      total 132096K, used 10740K [0x000000076c800000, 0x0000000775800000, 0x00000007c0000000)
  eden space 121344K, 0% used [0x000000076c800000,0x000000076c800000,0x0000000773e80000)
  from space 10752K, 99% used [0x0000000774300000,0x0000000774d7d3c0,0x0000000774d80000)
  to   space 7680K, 0% used [0x0000000775080000,0x0000000775080000,0x0000000775800000)
 ParOldGen       total 77312K, used 9820K [0x00000006c5800000, 0x00000006ca380000, 0x000000076c800000)
  object space 77312K, 12% used [0x00000006c5800000,0x00000006c6197318,0x00000006ca380000)
 Metaspace       used 32985K, capacity 35302K, committed 35416K, reserved 1079296K
  class space    used 4302K, capacity 4715K, committed 4736K, reserved 1048576K
}
Event: 13.252 GC heap before
{Heap before GC invocations=7 (full 2):
 PSYoungGen      total 132096K, used 10740K [0x000000076c800000, 0x0000000775800000, 0x00000007c0000000)
  eden space 121344K, 0% used [0x000000076c800000,0x000000076c800000,0x0000000773e80000)
  from space 10752K, 99% used [0x0000000774300000,0x0000000774d7d3c0,0x0000000774d80000)
  to   space 7680K, 0% used [0x0000000775080000,0x0000000775080000,0x0000000775800000)
 ParOldGen       total 77312K, used 9820K [0x00000006c5800000, 0x00000006ca380000, 0x000000076c800000)
  object space 77312K, 12% used [0x00000006c5800000,0x00000006c6197318,0x00000006ca380000)
 Metaspace       used 32985K, capacity 35302K, committed 35416K, reserved 1079296K
  class space    used 4302K, capacity 4715K, committed 4736K, reserved 1048576K
Event: 17.464 GC heap after
Heap after GC invocations=7 (full 2):
 PSYoungGen      total 132096K, used 0K [0x000000076c800000, 0x0000000775800000, 0x00000007c0000000)
  eden space 121344K, 0% used [0x000000076c800000,0x000000076c800000,0x0000000773e80000)
  from space 10752K, 0% used [0x0000000774300000,0x0000000774300000,0x0000000774d80000)
  to   space 7680K, 0% used [0x0000000775080000,0x0000000775080000,0x0000000775800000)
 ParOldGen       total 77312K, used 18578K [0x00000006c5800000, 0x00000006ca380000, 0x000000076c800000)
  object space 77312K, 24% used [0x00000006c5800000,0x00000006c6a24828,0x00000006ca380000)
 Metaspace       used 32985K, capacity 35302K, committed 35416K, reserved 1079296K
  class space    used 4302K, capacity 4715K, committed 4736K, reserved 1048576K
}

